<?xml version="1.0" encoding="UTF-8"?>
<robot generator="Robot 6.0.2 (Python 3.11.2 on win32)" generated="20230216 16:14:19.412" rpa="false" schemaversion="3">
<suite id="s1" name="Chronos" source="d:\Felipe\Robot_Sem_Complicacao\chronos.robot">
<test id="s1-t1" name="Limpar Carrinho" line="42">
<kw name="addToCart">
<kw name="Open Browser" library="SeleniumLibrary">
<arg>${url}</arg>
<arg>${navegador}</arg>
<doc>Opens a new browser instance to the optional ``url``.</doc>
<msg timestamp="20230216 16:14:19.647" level="INFO">Opening browser 'chrome' to base url 'https://www.demoblaze.com'.</msg>
<status status="PASS" starttime="20230216 16:14:19.646" endtime="20230216 16:14:22.777"/>
</kw>
<kw name="Maximize Browser Window" library="SeleniumLibrary">
<doc>Maximizes current browser window.</doc>
<status status="PASS" starttime="20230216 16:14:22.778" endtime="20230216 16:14:22.906"/>
</kw>
<kw name="Click Link" library="SeleniumLibrary">
<arg>Laptops</arg>
<doc>Clicks a link identified by ``locator``.</doc>
<msg timestamp="20230216 16:14:22.907" level="INFO">Clicking link 'Laptops'.</msg>
<status status="PASS" starttime="20230216 16:14:22.906" endtime="20230216 16:14:23.010"/>
</kw>
<kw name="Wait Until Element Is Visible" library="SeleniumLibrary">
<arg>link=MacBook Pro</arg>
<doc>Waits until the element ``locator`` is visible.</doc>
<status status="PASS" starttime="20230216 16:14:23.011" endtime="20230216 16:14:24.024"/>
</kw>
<kw name="Click Link" library="SeleniumLibrary">
<arg>MacBook Pro</arg>
<doc>Clicks a link identified by ``locator``.</doc>
<msg timestamp="20230216 16:14:24.026" level="INFO">Clicking link 'MacBook Pro'.</msg>
<status status="PASS" starttime="20230216 16:14:24.026" endtime="20230216 16:14:24.506"/>
</kw>
<kw name="Wait Until Element Is Visible" library="SeleniumLibrary">
<arg>xpath=//div[2]//a</arg>
<doc>Waits until the element ``locator`` is visible.</doc>
<status status="PASS" starttime="20230216 16:14:24.507" endtime="20230216 16:14:24.970"/>
</kw>
<kw name="Click Element" library="SeleniumLibrary">
<arg>xpath=//a[@onclick="addToCart(15)"]</arg>
<doc>Click the element identified by ``locator``.</doc>
<msg timestamp="20230216 16:14:24.971" level="INFO">Clicking element 'xpath=//a[@onclick="addToCart(15)"]'.</msg>
<status status="PASS" starttime="20230216 16:14:24.971" endtime="20230216 16:14:25.028"/>
</kw>
<kw name="Alert Should Be Present" library="SeleniumLibrary">
<doc>Verifies that an alert is present and by default, accepts it.</doc>
<msg timestamp="20230216 16:14:25.028" level="INFO">HANDLE::&lt;class 'NoneType'&gt;::None</msg>
<status status="PASS" starttime="20230216 16:14:25.028" endtime="20230216 16:14:26.043"/>
</kw>
<status status="PASS" starttime="20230216 16:14:19.646" endtime="20230216 16:14:26.043"/>
</kw>
<kw name="limparCarrinho">
<kw name="Click Link" library="SeleniumLibrary">
<arg>Cart</arg>
<doc>Clicks a link identified by ``locator``.</doc>
<msg timestamp="20230216 16:14:26.047" level="INFO">Clicking link 'Cart'.</msg>
<status status="PASS" starttime="20230216 16:14:26.045" endtime="20230216 16:14:26.562"/>
</kw>
<kw name="Wait Until Element Is Enabled" library="SeleniumLibrary">
<arg>xpath=//a[text()='Delete']</arg>
<doc>Waits until the element ``locator`` is enabled.</doc>
<status status="PASS" starttime="20230216 16:14:26.562" endtime="20230216 16:14:27.489"/>
</kw>
<kw name="Click Element" library="SeleniumLibrary">
<arg>xpath=//a[text()='Delete']</arg>
<doc>Click the element identified by ``locator``.</doc>
<msg timestamp="20230216 16:14:27.490" level="INFO">Clicking element 'xpath=//a[text()='Delete']'.</msg>
<status status="PASS" starttime="20230216 16:14:27.489" endtime="20230216 16:14:27.534"/>
</kw>
<status status="PASS" starttime="20230216 16:14:26.044" endtime="20230216 16:14:27.534"/>
</kw>
<kw name="Wait Until Element Is Enabled" library="SeleniumLibrary">
<arg>xpath=//a[text()='Delete']</arg>
<doc>Waits until the element ``locator`` is enabled.</doc>
<status status="PASS" starttime="20230216 16:14:27.535" endtime="20230216 16:14:27.565"/>
</kw>
<status status="PASS" starttime="20230216 16:14:19.645" endtime="20230216 16:14:27.566"/>
</test>
<doc>Robot Framework Sem Complicação</doc>
<status status="PASS" starttime="20230216 16:14:19.418" endtime="20230216 16:14:27.568"/>
</suite>
<statistics>
<total>
<stat pass="1" fail="0" skip="0">All Tests</stat>
</total>
<tag>
</tag>
<suite>
<stat pass="1" fail="0" skip="0" id="s1" name="Chronos">Chronos</stat>
</suite>
</statistics>
<errors>
</errors>
</robot>
